<?xml version="1.0" encoding="UTF-8"?>
<testsuite xmlns:xsi="http://www.w3.org/2001/XMLSchema-instance" xsi:noNamespaceSchemaLocation="https://maven.apache.org/surefire/maven-surefire-plugin/xsd/surefire-test-report-3.0.xsd" version="3.0" name="org.lucasv.junitapp.ejemplos.models.CuentaTest$Timeouts" time="6.024" tests="15" errors="1" skipped="0" failures="0">
  <properties>
[...]
</properties>
  <testcase name="testDineroInsuficienteExceptionCuenta" classname="org.lucasv.junitapp.ejemplos.models.CuentaTest" time="0.035">
    <system-out><![CDATA[Inicializando el Test
Iniciando el método
Finalizando el metodo de prueba!
]]></system-out>
  </testcase>
  <testcase name="testRelacionBancoCuentas" classname="org.lucasv.junitapp.ejemplos.models.CuentaTest" time="0.004">
    <system-out><![CDATA[Iniciando el método
Finalizando el metodo de prueba!
]]></system-out>
  </testcase>
  <testcase name="testDebitoCuentaMethodSource(String)[1]" classname="org.lucasv.junitapp.ejemplos.models.CuentaTest" time="0.016">
    <system-out><![CDATA[Iniciando el método
Finalizando el metodo de prueba!
]]></system-out>
  </testcase>
  <testcase name="testDebitoCuentaMethodSource(String)[2]" classname="org.lucasv.junitapp.ejemplos.models.CuentaTest" time="0.001">
    <system-out><![CDATA[Iniciando el método
Finalizando el metodo de prueba!
]]></system-out>
  </testcase>
  <testcase name="testDebitoCuentaMethodSource(String)[3]" classname="org.lucasv.junitapp.ejemplos.models.CuentaTest" time="0.0">
    <system-out><![CDATA[Iniciando el método
Finalizando el metodo de prueba!
]]></system-out>
  </testcase>
  <testcase name="testDebitoCuentaMethodSource(String)[4]" classname="org.lucasv.junitapp.ejemplos.models.CuentaTest" time="0.0">
    <system-out><![CDATA[Iniciando el método
Finalizando el metodo de prueba!
]]></system-out>
  </testcase>
  <testcase name="testDebitoCuentaMethodSource(String)[5]" classname="org.lucasv.junitapp.ejemplos.models.CuentaTest" time="0.001">
    <system-out><![CDATA[Iniciando el método
Finalizando el metodo de prueba!
]]></system-out>
  </testcase>
  <testcase name="testDebitoCuentaMethodSource(String)[6]" classname="org.lucasv.junitapp.ejemplos.models.CuentaTest" time="0.001">
    <system-out><![CDATA[Iniciando el método
Finalizando el metodo de prueba!
]]></system-out>
  </testcase>
  <testcase name="testDebitoCuentaRepetir(RepetitionInfo)[1]" classname="org.lucasv.junitapp.ejemplos.models.CuentaTest" time="0.001">
    <system-out><![CDATA[Iniciando el método
Finalizando el metodo de prueba!
]]></system-out>
  </testcase>
  <testcase name="testDebitoCuentaRepetir(RepetitionInfo)[2]" classname="org.lucasv.junitapp.ejemplos.models.CuentaTest" time="0.001">
    <system-out><![CDATA[Iniciando el método
Finalizando el metodo de prueba!
]]></system-out>
  </testcase>
  <testcase name="testDebitoCuentaRepetir(RepetitionInfo)[3]" classname="org.lucasv.junitapp.ejemplos.models.CuentaTest" time="0.001">
    <system-out><![CDATA[Iniciando el método
Estamos en la repeticion 3
Finalizando el metodo de prueba!
]]></system-out>
  </testcase>
  <testcase name="testDebitoCuentaRepetir(RepetitionInfo)[4]" classname="org.lucasv.junitapp.ejemplos.models.CuentaTest" time="0.001">
    <system-out><![CDATA[Iniciando el método
Finalizando el metodo de prueba!
]]></system-out>
  </testcase>
  <testcase name="testDebitoCuentaRepetir(RepetitionInfo)[5]" classname="org.lucasv.junitapp.ejemplos.models.CuentaTest" time="0.001">
    <system-out><![CDATA[Iniciando el método
Finalizando el metodo de prueba!
]]></system-out>
  </testcase>
  <testcase name="testTimeoutAssertions" classname="org.lucasv.junitapp.ejemplos.models.CuentaTest$Timeouts" time="1.007">
    <system-out><![CDATA[Iniciando el método
Finalizando el metodo de prueba!
]]></system-out>
  </testcase>
  <testcase name="pruebaTimeout" classname="org.lucasv.junitapp.ejemplos.models.CuentaTest$Timeouts" time="5.012">
    <error message="pruebaTimeout() timed out after 5 seconds" type="java.util.concurrent.TimeoutException"><![CDATA[java.util.concurrent.TimeoutException: pruebaTimeout() timed out after 5 seconds
	at org.junit.jupiter.engine.extension.TimeoutInvocation.createTimeoutException(TimeoutInvocation.java:70)
	at org.junit.jupiter.engine.extension.TimeoutInvocation.proceed(TimeoutInvocation.java:59)
	at org.junit.jupiter.engine.extension.TimeoutExtension.intercept(TimeoutExtension.java:149)
	at org.junit.jupiter.engine.extension.TimeoutExtension.interceptTestableMethod(TimeoutExtension.java:140)
	at org.junit.jupiter.engine.extension.TimeoutExtension.interceptTestMethod(TimeoutExtension.java:84)
	at org.junit.jupiter.engine.execution.ExecutableInvoker$ReflectiveInterceptorCall.lambda$ofVoidMethod$0(ExecutableInvoker.java:115)
	at org.junit.jupiter.engine.execution.ExecutableInvoker.lambda$invoke$0(ExecutableInvoker.java:105)
	at org.junit.jupiter.engine.execution.InvocationInterceptorChain$InterceptedInvocation.proceed(InvocationInterceptorChain.java:106)
	at org.junit.jupiter.engine.execution.InvocationInterceptorChain.proceed(InvocationInterceptorChain.java:64)
	at org.junit.jupiter.engine.execution.InvocationInterceptorChain.chainAndInvoke(InvocationInterceptorChain.java:45)
	at org.junit.jupiter.engine.execution.InvocationInterceptorChain.invoke(InvocationInterceptorChain.java:37)
	at org.junit.jupiter.engine.execution.ExecutableInvoker.invoke(ExecutableInvoker.java:104)
	at org.junit.jupiter.engine.execution.ExecutableInvoker.invoke(ExecutableInvoker.java:98)
	at org.junit.jupiter.engine.descriptor.TestMethodTestDescriptor.lambda$invokeTestMethod$6(TestMethodTestDescriptor.java:212)
	at org.junit.platform.engine.support.hierarchical.ThrowableCollector.execute(ThrowableCollector.java:73)
	at org.junit.jupiter.engine.descriptor.TestMethodTestDescriptor.invokeTestMethod(TestMethodTestDescriptor.java:208)
	at org.junit.jupiter.engine.descriptor.TestMethodTestDescriptor.execute(TestMethodTestDescriptor.java:137)
	at org.junit.jupiter.engine.descriptor.TestMethodTestDescriptor.execute(TestMethodTestDescriptor.java:71)
	at org.junit.platform.engine.support.hierarchical.NodeTestTask.lambda$executeRecursively$5(NodeTestTask.java:135)
	at org.junit.platform.engine.support.hierarchical.ThrowableCollector.execute(ThrowableCollector.java:73)
	at org.junit.platform.engine.support.hierarchical.NodeTestTask.lambda$executeRecursively$7(NodeTestTask.java:125)
	at org.junit.platform.engine.support.hierarchical.Node.around(Node.java:135)
	at org.junit.platform.engine.support.hierarchical.NodeTestTask.lambda$executeRecursively$8(NodeTestTask.java:123)
	at org.junit.platform.engine.support.hierarchical.ThrowableCollector.execute(ThrowableCollector.java:73)
	at org.junit.platform.engine.support.hierarchical.NodeTestTask.executeRecursively(NodeTestTask.java:122)
	at org.junit.platform.engine.support.hierarchical.NodeTestTask.execute(NodeTestTask.java:80)
	at java.base/java.util.ArrayList.forEach(ArrayList.java:1511)
	at org.junit.platform.engine.support.hierarchical.SameThreadHierarchicalTestExecutorService.invokeAll(SameThreadHierarchicalTestExecutorService.java:38)
	at org.junit.platform.engine.support.hierarchical.NodeTestTask.lambda$executeRecursively$5(NodeTestTask.java:139)
	at org.junit.platform.engine.support.hierarchical.ThrowableCollector.execute(ThrowableCollector.java:73)
	at org.junit.platform.engine.support.hierarchical.NodeTestTask.lambda$executeRecursively$7(NodeTestTask.java:125)
	at org.junit.platform.engine.support.hierarchical.Node.around(Node.java:135)
	at org.junit.platform.engine.support.hierarchical.NodeTestTask.lambda$executeRecursively$8(NodeTestTask.java:123)
	at org.junit.platform.engine.support.hierarchical.ThrowableCollector.execute(ThrowableCollector.java:73)
	at org.junit.platform.engine.support.hierarchical.NodeTestTask.executeRecursively(NodeTestTask.java:122)
	at org.junit.platform.engine.support.hierarchical.NodeTestTask.execute(NodeTestTask.java:80)
	at java.base/java.util.ArrayList.forEach(ArrayList.java:1511)
	at org.junit.platform.engine.support.hierarchical.SameThreadHierarchicalTestExecutorService.invokeAll(SameThreadHierarchicalTestExecutorService.java:38)
	at org.junit.platform.engine.support.hierarchical.NodeTestTask.lambda$executeRecursively$5(NodeTestTask.java:139)
	at org.junit.platform.engine.support.hierarchical.ThrowableCollector.execute(ThrowableCollector.java:73)
	at org.junit.platform.engine.support.hierarchical.NodeTestTask.lambda$executeRecursively$7(NodeTestTask.java:125)
	at org.junit.platform.engine.support.hierarchical.Node.around(Node.java:135)
	at org.junit.platform.engine.support.hierarchical.NodeTestTask.lambda$executeRecursively$8(NodeTestTask.java:123)
	at org.junit.platform.engine.support.hierarchical.ThrowableCollector.execute(ThrowableCollector.java:73)
	at org.junit.platform.engine.support.hierarchical.NodeTestTask.executeRecursively(NodeTestTask.java:122)
	at org.junit.platform.engine.support.hierarchical.NodeTestTask.execute(NodeTestTask.java:80)
	at java.base/java.util.ArrayList.forEach(ArrayList.java:1511)
	at org.junit.platform.engine.support.hierarchical.SameThreadHierarchicalTestExecutorService.invokeAll(SameThreadHierarchicalTestExecutorService.java:38)
	at org.junit.platform.engine.support.hierarchical.NodeTestTask.lambda$executeRecursively$5(NodeTestTask.java:139)
	at org.junit.platform.engine.support.hierarchical.ThrowableCollector.execute(ThrowableCollector.java:73)
	at org.junit.platform.engine.support.hierarchical.NodeTestTask.lambda$executeRecursively$7(NodeTestTask.java:125)
	at org.junit.platform.engine.support.hierarchical.Node.around(Node.java:135)
	at org.junit.platform.engine.support.hierarchical.NodeTestTask.lambda$executeRecursively$8(NodeTestTask.java:123)
	at org.junit.platform.engine.support.hierarchical.ThrowableCollector.execute(ThrowableCollector.java:73)
	at org.junit.platform.engine.support.hierarchical.NodeTestTask.executeRecursively(NodeTestTask.java:122)
	at org.junit.platform.engine.support.hierarchical.NodeTestTask.execute(NodeTestTask.java:80)
	at org.junit.platform.engine.support.hierarchical.SameThreadHierarchicalTestExecutorService.submit(SameThreadHierarchicalTestExecutorService.java:32)
	at org.junit.platform.engine.support.hierarchical.HierarchicalTestExecutor.execute(HierarchicalTestExecutor.java:57)
	at org.junit.platform.engine.support.hierarchical.HierarchicalTestEngine.execute(HierarchicalTestEngine.java:51)
	at org.junit.platform.launcher.core.DefaultLauncher.execute(DefaultLauncher.java:248)
	at org.junit.platform.launcher.core.DefaultLauncher.lambda$execute$5(DefaultLauncher.java:211)
	at org.junit.platform.launcher.core.DefaultLauncher.withInterceptedStreams(DefaultLauncher.java:226)
	at org.junit.platform.launcher.core.DefaultLauncher.execute(DefaultLauncher.java:199)
	at org.junit.platform.launcher.core.DefaultLauncher.execute(DefaultLauncher.java:132)
	at org.apache.maven.surefire.junitplatform.LazyLauncher.execute(LazyLauncher.java:56)
	at org.apache.maven.surefire.junitplatform.JUnitPlatformProvider.execute(JUnitPlatformProvider.java:184)
	at org.apache.maven.surefire.junitplatform.JUnitPlatformProvider.invokeAllTests(JUnitPlatformProvider.java:148)
	at org.apache.maven.surefire.junitplatform.JUnitPlatformProvider.invoke(JUnitPlatformProvider.java:122)
	at org.apache.maven.surefire.booter.ForkedBooter.runSuitesInProcess(ForkedBooter.java:385)
	at org.apache.maven.surefire.booter.ForkedBooter.execute(ForkedBooter.java:162)
	at org.apache.maven.surefire.booter.ForkedBooter.run(ForkedBooter.java:507)
	at org.apache.maven.surefire.booter.ForkedBooter.main(ForkedBooter.java:495)
	Suppressed: java.lang.InterruptedException: sleep interrupted
		at java.base/java.lang.Thread.sleep0(Native Method)
		at java.base/java.lang.Thread.sleep(Thread.java:465)
		at java.base/java.lang.Thread.sleep(Thread.java:513)
		at java.base/java.util.concurrent.TimeUnit.sleep(TimeUnit.java:446)
		at org.lucasv.junitapp.ejemplos.models.CuentaTest$Timeouts.pruebaTimeout(CuentaTest.java:279)
		at java.base/jdk.internal.reflect.DirectMethodHandleAccessor.invoke(DirectMethodHandleAccessor.java:104)
		at java.base/java.lang.reflect.Method.invoke(Method.java:578)
		at org.junit.platform.commons.util.ReflectionUtils.invokeMethod(ReflectionUtils.java:686)
		at org.junit.jupiter.engine.execution.MethodInvocation.proceed(MethodInvocation.java:60)
		at org.junit.jupiter.engine.execution.InvocationInterceptorChain$ValidatingInvocation.proceed(InvocationInterceptorChain.java:131)
		at org.junit.jupiter.engine.extension.TimeoutInvocation.proceed(TimeoutInvocation.java:46)
		... 70 more
]]></error>
    <system-out><![CDATA[Iniciando el método
Finalizando el metodo de prueba!
]]></system-out>
  </testcase>
</testsuite>